======================================== 
   SERVER START: 01.09.2025 19:34:21,10 
======================================== 
[INFO] Node.js Version: v22.17.0 
[INFO] Starte Server auf http://localhost:3000 
Server läuft auf http://localhost:3000
🔓 CORS: Komplett offen - ALLE Origins, Methoden und Headers erlaubt
⚠️  Warnung: Diese Konfiguration ist nur für Entwicklung gedacht!
[Verify] Name "Player" wurde verifiziert
[Verify] Name "Zero" wurde verifiziert
[Verify] Name "Zero" wurde verifiziert
[Heartbeat] empfangen um 2025-09-01T17:34:43.099Z von Unbekannt
[Verify] Name "Zero" wurde verifiziert
[Verify] Name "Yuu" wurde verifiziert
[Verify] Name "Yuu" wurde verifiziert
[Verify] Name "Yuu" wurde verifiziert
[Heartbeat] empfangen um 2025-09-01T17:35:39.144Z von Unbekannt
[Verify] Name "Player" wurde verifiziert
[Verify] Name "Happy" wurde verifiziert
[Verify] Name "Happy" wurde verifiziert
[Heartbeat] empfangen um 2025-09-01T17:40:26.087Z von Unbekannt
[Verify] Name "Player" wurde verifiziert
[Verify] Name "Zero" wurde verifiziert
[Verify] Name "Zero" wurde verifiziert
[Verify] Name "Zero" wurde verifiziert
[Heartbeat] empfangen um 2025-09-01T17:49:28.880Z von Unbekannt
[Verify] Name "Happy" wurde verifiziert
[Verify] Name "Player" wurde verifiziert
[Verify] Name "Yuu" wurde verifiziert
[Verify] Name "Yuu" wurde verifiziert
[Heartbeat] empfangen um 2025-09-01T17:49:43.115Z von Unbekannt
[Verify] Name "Player" wurde verifiziert
[Verify] Name "Zero" wurde verifiziert
[Verify] Name "Zero" wurde verifiziert
[Heartbeat] empfangen um 2025-09-01T17:49:52.886Z von Unbekannt
[Verify] Name "Player" wurde verifiziert
[Verify] Name "Happy" wurde verifiziert
[Verify] Name "Happy" wurde verifiziert
[Heartbeat] empfangen um 2025-09-01T17:50:02.264Z von Unbekannt
[Verify] Name "Zero" wurde verifiziert
^C