======================================== 
   SERVER START: 02.08.2025 15:58:35,14 
======================================== 
[WARNUNG] Server laeuft bereits! 
======================================== 
   SERVER START: 02.08.2025 15:59:51,92 
======================================== 
[INFO] Node.js Version: v22.17.0 
[INFO] Starte Server auf http://localhost:3000 
Server läuft auf http://localhost:3000
CORS aktiviert für Chrome Extensions und Wolvesville
^C======================================== 
   SERVER START: 02.08.2025 15:59:59,20 
======================================== 
[INFO] Node.js Version: v22.17.0 
[INFO] Starte Server auf http://localhost:3000 
Server läuft auf http://localhost:3000
CORS aktiviert für Chrome Extensions und Wolvesville
^C======================================== 
   SERVER START: 02.08.2025 16:08:57,59 
======================================== 
[INFO] Node.js Version: v22.17.0 
[INFO] Starte Server auf http://localhost:3000 
Server läuft auf http://localhost:3000
CORS aktiviert für Chrome Extensions und Wolvesville
[Verify] Name "Player" wurde verifiziert
[Verify] Name "Player" wurde verifiziert
[Verify] Name "Zero" wurde verifiziert
[Verify] Name "Player" wurde verifiziert
[Verify] Name "Zero" wurde verifiziert
[Verify] Name "Zero" wurde verifiziert
[Verify] Name "Zero" wurde verifiziert
[Verify] Name "Player" wurde verifiziert
[Verify] Name "Happy" wurde verifiziert
[Verify] Name "Happy" wurde verifiziert
[Verify] Name "Player" wurde verifiziert
[Verify] Name "Troller" wurde verifiziert
[Verify] Name "Player" wurde verifiziert
[Verify] Name "Player" wurde verifiziert
[Verify] Name "Revolutionar" wurde verifiziert
[Verify] Name "Revolutionar" wurde verifiziert
[Verify] Name "Troller" wurde verifiziert
[Verify] Name "Troller" wurde verifiziert
[Verify] Name "Revolutionar" wurde verifiziert
[Verify] Name "Troller" wurde verifiziert
[Verify] Name "Happy" wurde verifiziert
[Verify] Name "Zero" wurde verifiziert
[Verify] Name "Happy" wurde verifiziert
[Verify] Name "Happy" wurde verifiziert
[Verify] Name "Happy" wurde verifiziert
[Verify] Name "Happy" wurde verifiziert
[Verify] Name "Zero" wurde verifiziert
[Verify] Name "Zero" wurde verifiziert
[Verify] Name "Zero" wurde verifiziert
^C======================================== 
   SERVER START: 02.08.2025 16:19:20,66 
======================================== 
[INFO] Node.js Version: v22.17.0 
[INFO] Starte Server auf http://localhost:3000 
Server läuft auf http://localhost:3000
CORS aktiviert für Chrome Extensions und Wolvesville
[Verify] Name "Zero" wurde verifiziert
[Verify] Name "Zero" wurde verifiziert
[Verify] Name "Zero" wurde verifiziert
[Verify] Name "Zero" wurde verifiziert
[Verify] Name "Zero" wurde verifiziert
[Verify] Name "Zero" wurde verifiziert
[Verify] Name "Zero" wurde verifiziert
[Verify] Name "Zero" wurde verifiziert
[Verify] Name "Zero" wurde verifiziert
[Verify] Name "Zero" wurde verifiziert
[Verify] Name "Zero" wurde verifiziert
[Verify] Name "Zero" wurde verifiziert
[Verify] Name "Zero" wurde verifiziert
[Verify] Name "Player" wurde verifiziert
[Verify] Name "Player" wurde verifiziert
[Verify] Name "Zero" wurde verifiziert
[Verify] Name "Zero" wurde verifiziert
[Verify] Name "Zero" wurde verifiziert
[Verify] Name "Zero" wurde verifiziert
[Verify] Name "Zero" wurde verifiziert
[Verify] Name "Zero" wurde verifiziert
^C======================================== 
   SERVER START: 02.08.2025 16:52:45,69 
======================================== 
[INFO] Node.js Version: v22.17.0 
[INFO] Starte Server auf http://localhost:3000 
Server läuft auf http://localhost:3000
CORS aktiviert für Chrome Extensions und Wolvesville
[Verify] Name "Zero" wurde verifiziert
[Verify] Name "Zero" wurde verifiziert
^C======================================== 
   SERVER START: 02.08.2025 16:57:38,54 
======================================== 
[INFO] Node.js Version: v22.17.0 
[INFO] Starte Server auf http://localhost:3000 
Server läuft auf http://localhost:3000
CORS aktiviert für Chrome Extensions und Wolvesville
[Verify] Name "Zero" wurde verifiziert
[Verify] Name "Zero" wurde verifiziert
[Verify] Name "Player" wurde verifiziert
[Verify] Name "Zero" wurde verifiziert
[Verify] Name "Zero" wurde verifiziert
[Verify] Name "Zero" wurde verifiziert
[Verify] Name "Zero" wurde verifiziert
[Verify] Name "Zero" wurde verifiziert
^C======================================== 
   SERVER START: 02.08.2025 17:11:24,89 
======================================== 
[INFO] Node.js Version: v22.17.0 
[INFO] Starte Server auf http://localhost:3000 
Server läuft auf http://localhost:3000
CORS aktiviert für Chrome Extensions und Wolvesville
[Verify] Name "Zero" wurde verifiziert
[Verify] Name "Zero" wurde verifiziert
[Verify] Name "Zero" wurde verifiziert
[Verify] Name "Zero" wurde verifiziert
[Verify] Name "Zero" wurde verifiziert
[Verify] Name "Zero" wurde verifiziert
^C======================================== 
   SERVER START: 02.08.2025 17:16:27,61 
======================================== 
[INFO] Node.js Version: v22.17.0 
[INFO] Starte Server auf http://localhost:3000 
Server läuft auf http://localhost:3000
CORS aktiviert für Chrome Extensions und Wolvesville
[Verify] Name "Zero" wurde verifiziert
[Verify] Name "Zero" wurde verifiziert
[Verify] Name "Zero" wurde verifiziert
[Verify] Name "Zero" wurde verifiziert
[Verify] Name "Zero" wurde verifiziert
[Verify] Name "Zero" wurde verifiziert
[Verify] Name "Player" wurde verifiziert
[Verify] Name "Zero" wurde verifiziert
[Verify] Name "Zero" wurde verifiziert
[Verify] Name "Zero" wurde verifiziert
[Verify] Name "Zero" wurde verifiziert
[Verify] Name "Zero" wurde verifiziert
[Verify] Name "Zero" wurde verifiziert
^C======================================== 
   SERVER START: 02.08.2025 17:26:47,20 
======================================== 
[INFO] Node.js Version: v22.17.0 
[INFO] Starte Server auf http://localhost:3000 
Server läuft auf http://localhost:3000
^C======================================== 
   SERVER START: 02.08.2025 17:49:19,78 
======================================== 
[INFO] Node.js Version: v22.17.0 
[INFO] Starte Server auf http://localhost:3000 
Server läuft auf http://localhost:3000
CORS aktiviert für Chrome Extensions und Wolvesville
[Verify] Name "Zero" wurde verifiziert
[Verify] Name "Zero" wurde verifiziert
[Verify] Name "Zero" wurde verifiziert
[Verify] Name "Zero" wurde verifiziert
[Heartbeat] empfangen um 2025-08-02T15:49:55.713Z von Unbekannt
